Building DAG of jobs...
Using shell: /bin/bash
Provided cores: 1 (use --cores to define parallelism)
Rules claiming more threads will be scaled down.
Job stats:
job           count
----------  -------
error_plot        1
total             1

Select jobs to execute...

[Mon Oct 16 15:52:57 2023]
rule error_plot:
    input: data/errorP/pilot.p, data/errorP/pool1.p, data/errorP/pool2.p, data/errorP/pool3.p, data/errorP/pool4.p, data/errorP/pool6.p, data/errorP/pool5_1.p, data/errorP/pool7_1.p, data/errorP/pool5_2.p, data/errorP/pool7_2.p
    output: output/error_analysis.pdf
    jobid: 0
    reason: Forced execution
    priority: 10
    resources: tmpdir=/var/folders/ty/spqw6k0n4dn1yvpgn_swvjm80000gn/T

[Mon Oct 16 15:52:57 2023]
Error in rule error_plot:
    jobid: 0
    input: data/errorP/pilot.p, data/errorP/pool1.p, data/errorP/pool2.p, data/errorP/pool3.p, data/errorP/pool4.p, data/errorP/pool6.p, data/errorP/pool5_1.p, data/errorP/pool7_1.p, data/errorP/pool5_2.p, data/errorP/pool7_2.p
    output: output/error_analysis.pdf
    conda-env: /Users/vpandey/projects/githubs/Fertility_screen_final/Fertility_screen/.snakemake/conda/4eb951927f5eb2cb65827da9e6cdd6fd_

RuleException:
WorkflowError in file /Users/vpandey/projects/githubs/Fertility_screen_final/Fertility_screen/Snakefile, line 131:
Failed to open source file /Users/vpandey/projects/githubs/Fertility_screen_final/Fertility_screen/codes/eroor_analysis.py
FileNotFoundError: [Errno 2] No such file or directory: '/Users/vpandey/projects/githubs/Fertility_screen_final/Fertility_screen/codes/eroor_analysis.py'
  File "/Users/vpandey/projects/githubs/Fertility_screen_final/Fertility_screen/Snakefile", line 131, in __rule_error_plot
  File "/Users/vpandey/opt/miniconda3/lib/python3.8/concurrent/futures/thread.py", line 57, in run
Shutting down, this might take some time.
Exiting because a job execution failed. Look above for error message
Complete log: .snakemake/log/2023-10-16T155256.138007.snakemake.log
