Building DAG of jobs...
Using shell: /bin/bash
Provided cores: 1 (use --cores to define parallelism)
Rules claiming more threads will be scaled down.
Job stats:
job      count
-----  -------
r2           1
total        1

Select jobs to execute...

[Thu Oct 12 15:08:37 2023]
rule r2:
    input: data/phenotype/Phenotype_call_final_100621.xlsx
    output: output/s_curve_male.pdf, output/s_curve_female.pdf, output/half_circle_male_female_scatter.pdf
    jobid: 0
    reason: Forced execution
    priority: 10
    resources: tmpdir=/var/folders/ty/spqw6k0n4dn1yvpgn_swvjm80000gn/T

Activating conda environment: .snakemake/conda/4eb951927f5eb2cb65827da9e6cdd6fd_
Activating conda environment: .snakemake/conda/4eb951927f5eb2cb65827da9e6cdd6fd_
[Thu Oct 12 15:08:41 2023]
Finished job 0.
1 of 1 steps (100%) done
Complete log: .snakemake/log/2023-10-12T150836.007667.snakemake.log
