Building DAG of jobs...
Using shell: /bin/bash
Provided cores: 1 (use --cores to define parallelism)
Rules claiming more threads will be scaled down.
Job stats:
job           count
----------  -------
error_plot        1
total             1

Select jobs to execute...

[Mon Oct 16 15:53:21 2023]
rule error_plot:
    input: data/errorP/pilot.p, data/errorP/pool1.p, data/errorP/pool2.p, data/errorP/pool3.p, data/errorP/pool4.p, data/errorP/pool6.p, data/errorP/pool5_1.p, data/errorP/pool7_1.p, data/errorP/pool5_2.p, data/errorP/pool7_2.p
    output: output/error_analysis.pdf
    jobid: 0
    reason: Forced execution
    priority: 10
    resources: tmpdir=/var/folders/ty/spqw6k0n4dn1yvpgn_swvjm80000gn/T

Activating conda environment: .snakemake/conda/4eb951927f5eb2cb65827da9e6cdd6fd_
Activating conda environment: .snakemake/conda/4eb951927f5eb2cb65827da9e6cdd6fd_
[Mon Oct 16 15:53:24 2023]
Finished job 0.
1 of 1 steps (100%) done
Complete log: .snakemake/log/2023-10-16T155319.633241.snakemake.log
