Building DAG of jobs...
Creating conda environment rawbarseq_environment.yaml...
Downloading and installing remote packages.
Environment for /Users/vpandey/projects/githubs/Fertility_screen_final/Fertility_screen/rawbarseq_environment.yaml created (location: .snakemake/conda/6fcdab3da2b1645792af5ee4229c7e0e_)
Using shell: /bin/bash
Provided cores: 1 (use --cores to define parallelism)
Rules claiming more threads will be scaled down.
Job stats:
job           count
----------  -------
raw_barseq        1
total             1

Select jobs to execute...

[Mon Oct 16 17:11:41 2023]
rule raw_barseq:
    input: barseq-raw/testdata/sequence, barseq-raw/barcode_to_gene_210920.csv
    output: barseq-raw/rawCountResult
    jobid: 0
    reason: Forced execution
    priority: 10
    resources: tmpdir=/var/folders/ty/spqw6k0n4dn1yvpgn_swvjm80000gn/T

Activating conda environment: .snakemake/conda/6fcdab3da2b1645792af5ee4229c7e0e_
ImproperOutputException in rule raw_barseq in file /Users/vpandey/projects/githubs/Fertility_screen_final/Fertility_screen/Snakefile, line 44:
Outputs of incorrect type (directories when expecting files or vice versa). Output directories must be flagged with directory(). for rule raw_barseq:
    output: barseq-raw/rawCountResult
    affected files:
        barseq-raw/rawCountResult
Removing output files of failed job raw_barseq since they might be corrupted:
barseq-raw/rawCountResult
[Errno 66] Directory not empty: 'barseq-raw/rawCountResult'
Shutting down, this might take some time.
Exiting because a job execution failed. Look above for error message
Complete log: .snakemake/log/2023-10-16T170838.212259.snakemake.log
