Config file config.yaml is extended by additional config specified via the command line.
Building DAG of jobs...
Using shell: /bin/bash
Provided cores: 1 (use --cores to define parallelism)
Rules claiming more threads will be scaled down.
Job stats:
job             count
------------  -------
remove_zeros        1
total               1

Select jobs to execute...

[Tue Oct 17 14:16:49 2023]
rule remove_zeros:
    jobid: 0
    reason: Forced execution
    resources: tmpdir=/var/folders/ty/spqw6k0n4dn1yvpgn_swvjm80000gn/T

python barseq-raw/remove_zero_barseq_count.py barseq-raw/result2/barcode_counts_table.csv barseq-raw/result2/removed_zeros_barcode_counts_table.csv
Activating conda environment: .snakemake/conda/6fcdab3da2b1645792af5ee4229c7e0e_
[Tue Oct 17 14:16:50 2023]
Finished job 0.
1 of 1 steps (100%) done
Complete log: .snakemake/log/2023-10-17T141647.702528.snakemake.log
