Building DAG of jobs...
Using shell: /bin/bash
Provided cores: 2
Rules claiming more threads will be scaled down.
Job stats:
job            count
-----------  -------
run_script2        1
total              1

Select jobs to execute...

[Thu Oct 12 14:53:08 2023]
rule run_script2:
    input: data/phenotype/Phenotype_call_final_100621.xlsx
    output: output/s_curve_male.pdf, output/s_curve_female.pdf, output/half_circle_male_female_scatter.pdf
    jobid: 0
    reason: Forced execution
    resources: tmpdir=/var/folders/ty/spqw6k0n4dn1yvpgn_swvjm80000gn/T

[Thu Oct 12 14:53:13 2023]
Finished job 0.
1 of 1 steps (100%) done
Complete log: .snakemake/log/2023-10-12T145308.745809.snakemake.log
