Building DAG of jobs...
Creating conda environment environment.yaml...
Downloading and installing remote packages.
Environment for /Users/vpandey/projects/githubs/Fertility_screen_final/Fertility_screen/environment.yaml created (location: .snakemake/conda/4eb951927f5eb2cb65827da9e6cdd6fd_)
Using shell: /bin/bash
Provided cores: 1 (use --cores to define parallelism)
Rules claiming more threads will be scaled down.
Job stats:
job            count
-----------  -------
run_script2        1
total              1

Select jobs to execute...

[Thu Oct 12 14:24:34 2023]
rule run_script2:
    input: data/phenotype/Phenotype_call_final_100621.xlsx
    output: output/s_curve.pdf, output/half_circle_male_female_scatter.pdf
    jobid: 0
    reason: Missing output files: output/s_curve.pdf, output/half_circle_male_female_scatter.pdf
    resources: tmpdir=/var/folders/ty/spqw6k0n4dn1yvpgn_swvjm80000gn/T

Activating conda environment: .snakemake/conda/4eb951927f5eb2cb65827da9e6cdd6fd_
Activating conda environment: .snakemake/conda/4eb951927f5eb2cb65827da9e6cdd6fd_
[Thu Oct 12 14:24:47 2023]
Error in rule run_script2:
    jobid: 0
    input: data/phenotype/Phenotype_call_final_100621.xlsx
    output: output/s_curve.pdf, output/half_circle_male_female_scatter.pdf
    conda-env: /Users/vpandey/projects/githubs/Fertility_screen_final/Fertility_screen/.snakemake/conda/4eb951927f5eb2cb65827da9e6cdd6fd_

RuleException:
CalledProcessError in file /Users/vpandey/projects/githubs/Fertility_screen_final/Fertility_screen/Snakefile, line 58:
Command 'source /Users/vpandey/opt/miniconda3/bin/activate '/Users/vpandey/projects/githubs/Fertility_screen_final/Fertility_screen/.snakemake/conda/4eb951927f5eb2cb65827da9e6cdd6fd_'; set -euo pipefail;  python /Users/vpandey/projects/githubs/Fertility_screen_final/Fertility_screen/.snakemake/scripts/tmpozqc058n.s_curve_plot_Fig1.py' returned non-zero exit status 1.
  File "/Users/vpandey/projects/githubs/Fertility_screen_final/Fertility_screen/Snakefile", line 58, in __rule_run_script2
  File "/Users/vpandey/opt/miniconda3/lib/python3.8/concurrent/futures/thread.py", line 57, in run
Removing output files of failed job run_script2 since they might be corrupted:
output/s_curve.pdf, output/half_circle_male_female_scatter.pdf
Shutting down, this might take some time.
Exiting because a job execution failed. Look above for error message
Complete log: .snakemake/log/2023-10-12T142146.325319.snakemake.log
