Building DAG of jobs...
Using shell: /bin/bash
Provided cores: 1 (use --cores to define parallelism)
Rules claiming more threads will be scaled down.
Job stats:
job                count
---------------  -------
motility_screen        1
total                  1

Select jobs to execute...

[Mon Oct 16 14:04:52 2023]
rule motility_screen:
    input: data/barcode_counts_table_050221_male_pool.txt
    output: output/motility_disp.xlsx, output/motility_slow.xlsx
    jobid: 0
    reason: Forced execution
    priority: 1
    resources: tmpdir=/var/folders/ty/spqw6k0n4dn1yvpgn_swvjm80000gn/T

Activating conda environment: .snakemake/conda/4eb951927f5eb2cb65827da9e6cdd6fd_
Activating conda environment: .snakemake/conda/4eb951927f5eb2cb65827da9e6cdd6fd_
[Mon Oct 16 14:05:07 2023]
Finished job 0.
1 of 1 steps (100%) done
Complete log: .snakemake/log/2023-10-16T140450.604386.snakemake.log
