Building DAG of jobs...
Using shell: /bin/bash
Provided cores: 2
Rules claiming more threads will be scaled down.
Job stats:
job            count
-----------  -------
run_script1        1
total              1

Select jobs to execute...

[Thu Oct 12 14:34:43 2023]
rule run_script1:
    input: data/input_vector.txt, data/input_pool2.txt, data/input_pool3.txt, data/input_pool4.txt, data/input_pool6.txt, data/input_pool5.txt, data/input_pool7.txt, data/input_pool5_2.txt, data/input_pool7_2.txt, data/result_240120_barcode_counts_table.txt, data/barcode_counts_table_170620_pool2.txt, data/barcode_counts_table_200720_pool3.txt, data/barcode_counts_table_170620_pool4.txt, data/barcode_counts_table_280720_pool6.txt, data/barcode_counts_table_20920_pool5.txt, data/barcode_counts_table_20920_pool7.txt, data/barcode_counts_table_20920_pool5.txt, data/barcode_counts_table_20920_pool7.txt, data/manifests_pool1.txt, data/manifest_pool2.txt, data/manifest_pool3.txt, data/manifest_pool4.txt, data/manifest_pool6.txt, data/manifest_pool5_1.txt, data/manifest_pool7_1.txt, data/manifest_pool5_2.txt, data/manifest_pool7_2.txt
    output: output/final_phenocall.txt
    jobid: 0
    reason: Forced execution
    resources: tmpdir=/var/folders/ty/spqw6k0n4dn1yvpgn_swvjm80000gn/T

Activating conda environment: .snakemake/conda/4eb951927f5eb2cb65827da9e6cdd6fd_
Activating conda environment: .snakemake/conda/4eb951927f5eb2cb65827da9e6cdd6fd_
[Thu Oct 12 14:35:06 2023]
Finished job 0.
1 of 1 steps (100%) done
Complete log: .snakemake/log/2023-10-12T143441.978962.snakemake.log
