Building DAG of jobs...
Using shell: /bin/bash
Provided cores: 1 (use --cores to define parallelism)
Rules claiming more threads will be scaled down.
Job stats:
job           count
----------  -------
raw_barseq        1
total             1

Select jobs to execute...

[Tue Oct 17 10:12:06 2023]
rule raw_barseq:
    jobid: 0
    reason: Forced execution
    resources: tmpdir=/var/folders/ty/spqw6k0n4dn1yvpgn_swvjm80000gn/T

Activating conda environment: .snakemake/conda/6fcdab3da2b1645792af5ee4229c7e0e_
[Tue Oct 17 10:12:11 2023]
Finished job 0.
1 of 1 steps (100%) done
Complete log: .snakemake/log/2023-10-17T101205.057746.snakemake.log
