Building DAG of jobs...
Creating conda environment plotnine_environment.yaml...
Downloading and installing remote packages.
Environment for /Users/vpandey/projects/githubs/Fertility_screen_final/Fertility_screen/plotnine_environment.yaml created (location: .snakemake/conda/368bc4f6aff78b56620c150f58f03484_)
Using shell: /bin/bash
Provided cores: 1 (use --cores to define parallelism)
Rules claiming more threads will be scaled down.
Job stats:
job            count
-----------  -------
mpmp_violin        1
total              1

Select jobs to execute...

[Mon Oct 16 10:47:52 2023]
rule mpmp_violin:
    input: data/mpmp/mpmp_pbe.pickle, data/mpmp/MPMP.xlsx, data/mpmp/male_mpmp_enrich.txt, data/mpmp/female_mpmp_enrich.txt, data/phenotype/Phenotype_call_final_100621.xlsx
    output: output/male_female_mpmp_violin.pdf
    jobid: 0
    reason: Forced execution
    resources: tmpdir=/var/folders/ty/spqw6k0n4dn1yvpgn_swvjm80000gn/T

Activating conda environment: .snakemake/conda/368bc4f6aff78b56620c150f58f03484_
Activating conda environment: .snakemake/conda/368bc4f6aff78b56620c150f58f03484_
[Mon Oct 16 10:51:50 2023]
Error in rule mpmp_violin:
    jobid: 0
    input: data/mpmp/mpmp_pbe.pickle, data/mpmp/MPMP.xlsx, data/mpmp/male_mpmp_enrich.txt, data/mpmp/female_mpmp_enrich.txt, data/phenotype/Phenotype_call_final_100621.xlsx
    output: output/male_female_mpmp_violin.pdf
    conda-env: /Users/vpandey/projects/githubs/Fertility_screen_final/Fertility_screen/.snakemake/conda/368bc4f6aff78b56620c150f58f03484_

RuleException:
CalledProcessError in file /Users/vpandey/projects/githubs/Fertility_screen_final/Fertility_screen/Snakefile, line 87:
Command 'source /Users/vpandey/opt/miniconda3/bin/activate '/Users/vpandey/projects/githubs/Fertility_screen_final/Fertility_screen/.snakemake/conda/368bc4f6aff78b56620c150f58f03484_'; set -euo pipefail;  python /Users/vpandey/projects/githubs/Fertility_screen_final/Fertility_screen/.snakemake/scripts/tmpkna67kes.mpmp_violin_plot.py' returned non-zero exit status 1.
  File "/Users/vpandey/projects/githubs/Fertility_screen_final/Fertility_screen/Snakefile", line 87, in __rule_mpmp_violin
  File "/Users/vpandey/opt/miniconda3/lib/python3.8/concurrent/futures/thread.py", line 57, in run
Removing output files of failed job mpmp_violin since they might be corrupted:
output/male_female_mpmp_violin.pdf
Shutting down, this might take some time.
Exiting because a job execution failed. Look above for error message
Complete log: .snakemake/log/2023-10-16T104457.934100.snakemake.log
