Building DAG of jobs...
Using shell: /bin/bash
Provided cores: 1 (use --cores to define parallelism)
Rules claiming more threads will be scaled down.
Job stats:
job           count
----------  -------
raw_barseq        1
total             1

Select jobs to execute...

[Mon Oct 16 17:14:30 2023]
rule raw_barseq:
    input: barseq-raw/testdata/sequence, barseq-raw/barcode_to_gene_210920.csv
    output: barseq-raw/rawCountResult
    jobid: 0
    reason: Forced execution
    priority: 10
    resources: tmpdir=/var/folders/ty/spqw6k0n4dn1yvpgn_swvjm80000gn/T

[Errno 66] Directory not empty: 'barseq-raw/rawCountResult'
Activating conda environment: .snakemake/conda/6fcdab3da2b1645792af5ee4229c7e0e_
[Mon Oct 16 17:14:31 2023]
Error in rule raw_barseq:
    jobid: 0
    input: barseq-raw/testdata/sequence, barseq-raw/barcode_to_gene_210920.csv
    output: barseq-raw/rawCountResult
    conda-env: /Users/vpandey/projects/githubs/Fertility_screen_final/Fertility_screen/.snakemake/conda/6fcdab3da2b1645792af5ee4229c7e0e_
    shell:
        python barseq-raw/barseq.py -i barseq-raw/testdata/sequence -b barseq-raw/barcode_to_gene_210920.csv -r barseq-raw/rawCountResult
        (one of the commands exited with non-zero exit code; note that snakemake uses bash strict mode!)

Removing output files of failed job raw_barseq since they might be corrupted:
barseq-raw/rawCountResult
[Errno 66] Directory not empty: 'barseq-raw/rawCountResult'
Shutting down, this might take some time.
Exiting because a job execution failed. Look above for error message
Complete log: .snakemake/log/2023-10-16T171428.898992.snakemake.log
