Building DAG of jobs...
Using shell: /bin/bash
Provided cores: 1 (use --cores to define parallelism)
Rules claiming more threads will be scaled down.
Job stats:
job           count
----------  -------
raw_barseq        1
total             1

Select jobs to execute...

[Mon Oct 16 17:16:29 2023]
rule raw_barseq:
    input: barseq-raw/testdata/sequence, barseq-raw/barcode_to_gene_210920.csv
    output: barseq-raw/rawCountResult
    jobid: 0
    reason: Forced execution
    priority: 10
    resources: tmpdir=/var/folders/ty/spqw6k0n4dn1yvpgn_swvjm80000gn/T

Activating conda environment: .snakemake/conda/6fcdab3da2b1645792af5ee4229c7e0e_
[Mon Oct 16 17:16:33 2023]
Finished job 0.
1 of 1 steps (100%) done
Complete log: .snakemake/log/2023-10-16T171627.754137.snakemake.log
