Building DAG of jobs...
Creating conda environment environment.yaml...
Downloading and installing remote packages.
Environment for /Users/vpandey/projects/githubs/Fertility_screen_final/Fertility_screen/environment.yaml created (location: .snakemake/conda/aeef6c10441d2ca3f69bf64ab71746be_)
Using shell: /bin/bash
Provided cores: 1 (use --cores to define parallelism)
Rules claiming more threads will be scaled down.
Job stats:
job              count
-------------  -------
combine_pools        1
total                1

Select jobs to execute...

[Mon Oct 16 10:19:27 2023]
rule combine_pools:
    input: data/input_vector.txt, data/input_pool2.txt, data/input_pool3.txt, data/input_pool4.txt, data/input_pool6.txt, data/input_pool5.txt, data/input_pool7.txt, data/input_pool5_2.txt, data/input_pool7_2.txt, data/result_240120_barcode_counts_table.txt, data/barcode_counts_table_170620_pool2.txt, data/barcode_counts_table_200720_pool3.txt, data/barcode_counts_table_170620_pool4.txt, data/barcode_counts_table_280720_pool6.txt, data/barcode_counts_table_20920_pool5.txt, data/barcode_counts_table_20920_pool7.txt, data/barcode_counts_table_20920_pool5.txt, data/barcode_counts_table_20920_pool7.txt, data/manifests_pool1.txt, data/manifest_pool2.txt, data/manifest_pool3.txt, data/manifest_pool4.txt, data/manifest_pool6.txt, data/manifest_pool5_1.txt, data/manifest_pool7_1.txt, data/manifest_pool5_2.txt, data/manifest_pool7_2.txt
    output: output/final_phenocall.txt
    jobid: 0
    reason: Forced execution
    priority: 1
    resources: tmpdir=/var/folders/ty/spqw6k0n4dn1yvpgn_swvjm80000gn/T

Activating conda environment: .snakemake/conda/aeef6c10441d2ca3f69bf64ab71746be_
Activating conda environment: .snakemake/conda/aeef6c10441d2ca3f69bf64ab71746be_
[Mon Oct 16 10:20:27 2023]
Finished job 0.
1 of 1 steps (100%) done
Complete log: .snakemake/log/2023-10-16T101646.868611.snakemake.log
